{"/Users/home/alchemy/career/fractal-lab/lib/app.js": {"path":"/Users/home/alchemy/career/fractal-lab/lib/app.js","statementMap":{"0":{"start":{"line":1,"column":16},"end":{"line":1,"column":34}},"1":{"start":{"line":2,"column":12},"end":{"line":2,"column":21}},"2":{"start":{"line":4,"column":0},"end":{"line":4,"column":24}},"3":{"start":{"line":6,"column":0},"end":{"line":6,"column":50}},"4":{"start":{"line":7,"column":0},"end":{"line":7,"column":58}},"5":{"start":{"line":9,"column":0},"end":{"line":9,"column":43}},"6":{"start":{"line":10,"column":0},"end":{"line":10,"column":39}},"7":{"start":{"line":12,"column":0},"end":{"line":12,"column":21}}},"fnMap":{},"branchMap":{},"s":{"0":2,"1":2,"2":2,"3":2,"4":2,"5":2,"6":2,"7":2},"f":{},"b":{},"_coverageSchema":"43e27e138ebf9cfc5966b082cf9a028302ed4184","hash":"4dbbd57a7c7e543d9c3ea9fe0a99002675a94aa1"}
,"/Users/home/alchemy/career/fractal-lab/lib/middleware/ensure-auth.js": {"path":"/Users/home/alchemy/career/fractal-lab/lib/middleware/ensure-auth.js","statementMap":{"0":{"start":{"line":1,"column":13},"end":{"line":1,"column":38}},"1":{"start":{"line":3,"column":0},"end":{"line":12,"column":2}},"2":{"start":{"line":4,"column":16},"end":{"line":4,"column":35}},"3":{"start":{"line":5,"column":2},"end":{"line":11,"column":17}},"4":{"start":{"line":8,"column":6},"end":{"line":8,"column":22}},"5":{"start":{"line":9,"column":6},"end":{"line":9,"column":13}}},"fnMap":{"0":{"name":"(anonymous_0)","decl":{"start":{"line":3,"column":17},"end":{"line":3,"column":18}},"loc":{"start":{"line":3,"column":37},"end":{"line":12,"column":1}},"line":3},"1":{"name":"(anonymous_1)","decl":{"start":{"line":7,"column":10},"end":{"line":7,"column":11}},"loc":{"start":{"line":7,"column":18},"end":{"line":10,"column":5}},"line":7}},"branchMap":{},"s":{"0":2,"1":2,"2":0,"3":0,"4":0,"5":0},"f":{"0":0,"1":0},"b":{},"_coverageSchema":"43e27e138ebf9cfc5966b082cf9a028302ed4184","hash":"da228d6b4c51aa0fe32236a807f945620cf374d2"}
,"/Users/home/alchemy/career/fractal-lab/lib/middleware/error.js": {"path":"/Users/home/alchemy/career/fractal-lab/lib/middleware/error.js","statementMap":{"0":{"start":{"line":1,"column":17},"end":{"line":1,"column":36}},"1":{"start":{"line":4,"column":0},"end":{"line":20,"column":2}},"2":{"start":{"line":5,"column":15},"end":{"line":5,"column":32}},"3":{"start":{"line":7,"column":2},"end":{"line":10,"column":3}},"4":{"start":{"line":9,"column":4},"end":{"line":9,"column":17}},"5":{"start":{"line":12,"column":2},"end":{"line":12,"column":21}},"6":{"start":{"line":14,"column":2},"end":{"line":14,"column":19}},"7":{"start":{"line":16,"column":2},"end":{"line":19,"column":5}}},"fnMap":{"0":{"name":"(anonymous_0)","decl":{"start":{"line":4,"column":17},"end":{"line":4,"column":18}},"loc":{"start":{"line":4,"column":42},"end":{"line":20,"column":1}},"line":4}},"branchMap":{"0":{"loc":{"start":{"line":5,"column":15},"end":{"line":5,"column":32}},"type":"binary-expr","locations":[{"start":{"line":5,"column":15},"end":{"line":5,"column":25}},{"start":{"line":5,"column":29},"end":{"line":5,"column":32}}],"line":5},"1":{"loc":{"start":{"line":7,"column":2},"end":{"line":10,"column":3}},"type":"if","locations":[{"start":{"line":7,"column":2},"end":{"line":10,"column":3}},{"start":{"line":7,"column":2},"end":{"line":10,"column":3}}],"line":7},"2":{"loc":{"start":{"line":7,"column":5},"end":{"line":8,"column":43}},"type":"binary-expr","locations":[{"start":{"line":7,"column":5},"end":{"line":7,"column":50}},{"start":{"line":8,"column":4},"end":{"line":8,"column":43}}],"line":7}},"s":{"0":2,"1":2,"2":2,"3":2,"4":0,"5":2,"6":2,"7":2},"f":{"0":2},"b":{"0":[2,0],"1":[0,2],"2":[2,2]},"_coverageSchema":"43e27e138ebf9cfc5966b082cf9a028302ed4184","hash":"963e306e2c37085776ec5dff6e658a385ab282d9"}
,"/Users/home/alchemy/career/fractal-lab/lib/middleware/not-found.js": {"path":"/Users/home/alchemy/career/fractal-lab/lib/middleware/not-found.js","statementMap":{"0":{"start":{"line":1,"column":0},"end":{"line":5,"column":2}},"1":{"start":{"line":2,"column":14},"end":{"line":2,"column":36}},"2":{"start":{"line":3,"column":2},"end":{"line":3,"column":19}},"3":{"start":{"line":4,"column":2},"end":{"line":4,"column":12}}},"fnMap":{"0":{"name":"(anonymous_0)","decl":{"start":{"line":1,"column":17},"end":{"line":1,"column":18}},"loc":{"start":{"line":1,"column":37},"end":{"line":5,"column":1}},"line":1}},"branchMap":{},"s":{"0":2,"1":0,"2":0,"3":0},"f":{"0":0},"b":{},"_coverageSchema":"43e27e138ebf9cfc5966b082cf9a028302ed4184","hash":"27b4926d56374883584aae459203f98c84b465ea"}
,"/Users/home/alchemy/career/fractal-lab/lib/models/Fractal.js": {"path":"/Users/home/alchemy/career/fractal-lab/lib/models/Fractal.js","statementMap":{"0":{"start":{"line":2,"column":17},"end":{"line":2,"column":36}},"1":{"start":{"line":4,"column":15},"end":{"line":22,"column":2}},"2":{"start":{"line":24,"column":0},"end":{"line":24,"column":51}}},"fnMap":{},"branchMap":{},"s":{"0":3,"1":3,"2":3},"f":{},"b":{},"_coverageSchema":"43e27e138ebf9cfc5966b082cf9a028302ed4184","hash":"8498a3548f635137c84ad7243280cff0efa3b097"}
,"/Users/home/alchemy/career/fractal-lab/lib/models/User.js": {"path":"/Users/home/alchemy/career/fractal-lab/lib/models/User.js","statementMap":{"0":{"start":{"line":1,"column":17},"end":{"line":1,"column":36}},"1":{"start":{"line":2,"column":15},"end":{"line":2,"column":34}},"2":{"start":{"line":3,"column":12},"end":{"line":3,"column":35}},"3":{"start":{"line":5,"column":15},"end":{"line":28,"column":2}},"4":{"start":{"line":25,"column":6},"end":{"line":25,"column":30}},"5":{"start":{"line":31,"column":0},"end":{"line":33,"column":3}},"6":{"start":{"line":32,"column":2},"end":{"line":32,"column":52}},"7":{"start":{"line":36,"column":0},"end":{"line":48,"column":2}},"8":{"start":{"line":37,"column":2},"end":{"line":47,"column":3}},"9":{"start":{"line":38,"column":25},"end":{"line":38,"column":66}},"10":{"start":{"line":39,"column":4},"end":{"line":43,"column":8}},"11":{"start":{"line":46,"column":4},"end":{"line":46,"column":31}},"12":{"start":{"line":50,"column":0},"end":{"line":64,"column":2}},"13":{"start":{"line":51,"column":15},"end":{"line":51,"column":44}},"14":{"start":{"line":52,"column":2},"end":{"line":56,"column":3}},"15":{"start":{"line":53,"column":16},"end":{"line":53,"column":51}},"16":{"start":{"line":54,"column":4},"end":{"line":54,"column":21}},"17":{"start":{"line":55,"column":4},"end":{"line":55,"column":14}},"18":{"start":{"line":57,"column":26},"end":{"line":57,"column":73}},"19":{"start":{"line":58,"column":2},"end":{"line":62,"column":3}},"20":{"start":{"line":59,"column":16},"end":{"line":59,"column":51}},"21":{"start":{"line":60,"column":4},"end":{"line":60,"column":21}},"22":{"start":{"line":61,"column":4},"end":{"line":61,"column":14}},"23":{"start":{"line":63,"column":2},"end":{"line":63,"column":14}},"24":{"start":{"line":66,"column":0},"end":{"line":70,"column":2}},"25":{"start":{"line":67,"column":2},"end":{"line":69,"column":5}},"26":{"start":{"line":72,"column":0},"end":{"line":76,"column":3}},"27":{"start":{"line":78,"column":0},"end":{"line":78,"column":48}}},"fnMap":{"0":{"name":"(anonymous_0)","decl":{"start":{"line":24,"column":15},"end":{"line":24,"column":16}},"loc":{"start":{"line":24,"column":29},"end":{"line":26,"column":5}},"line":24},"1":{"name":"(anonymous_1)","decl":{"start":{"line":31,"column":31},"end":{"line":31,"column":32}},"loc":{"start":{"line":31,"column":49},"end":{"line":33,"column":1}},"line":31},"2":{"name":"(anonymous_2)","decl":{"start":{"line":36,"column":29},"end":{"line":36,"column":30}},"loc":{"start":{"line":36,"column":44},"end":{"line":48,"column":1}},"line":36},"3":{"name":"(anonymous_3)","decl":{"start":{"line":50,"column":30},"end":{"line":50,"column":31}},"loc":{"start":{"line":50,"column":66},"end":{"line":64,"column":1}},"line":50},"4":{"name":"(anonymous_4)","decl":{"start":{"line":66,"column":27},"end":{"line":66,"column":28}},"loc":{"start":{"line":66,"column":38},"end":{"line":70,"column":1}},"line":66}},"branchMap":{"0":{"loc":{"start":{"line":52,"column":2},"end":{"line":56,"column":3}},"type":"if","locations":[{"start":{"line":52,"column":2},"end":{"line":56,"column":3}},{"start":{"line":52,"column":2},"end":{"line":56,"column":3}}],"line":52},"1":{"loc":{"start":{"line":58,"column":2},"end":{"line":62,"column":3}},"type":"if","locations":[{"start":{"line":58,"column":2},"end":{"line":62,"column":3}},{"start":{"line":58,"column":2},"end":{"line":62,"column":3}}],"line":58}},"s":{"0":3,"1":3,"2":3,"3":3,"4":4,"5":3,"6":7,"7":3,"8":0,"9":0,"10":0,"11":0,"12":3,"13":2,"14":2,"15":1,"16":1,"17":1,"18":1,"19":1,"20":1,"21":1,"22":1,"23":0,"24":3,"25":1,"26":3,"27":3},"f":{"0":4,"1":7,"2":0,"3":2,"4":1},"b":{"0":[1,1],"1":[1,0]},"_coverageSchema":"43e27e138ebf9cfc5966b082cf9a028302ed4184","hash":"d203aedb9536b3de166bed7a606d07fd226a04e7"}
,"/Users/home/alchemy/career/fractal-lab/lib/routes/auth.js": {"path":"/Users/home/alchemy/career/fractal-lab/lib/routes/auth.js","statementMap":{"0":{"start":{"line":1,"column":19},"end":{"line":1,"column":37}},"1":{"start":{"line":2,"column":13},"end":{"line":2,"column":38}},"2":{"start":{"line":3,"column":19},"end":{"line":3,"column":55}},"3":{"start":{"line":5,"column":25},"end":{"line":9,"column":1}},"4":{"start":{"line":6,"column":2},"end":{"line":8,"column":5}},"5":{"start":{"line":11,"column":0},"end":{"line":32,"column":5}},"6":{"start":{"line":13,"column":4},"end":{"line":19,"column":19}},"7":{"start":{"line":16,"column":8},"end":{"line":16,"column":48}},"8":{"start":{"line":17,"column":8},"end":{"line":17,"column":23}},"9":{"start":{"line":22,"column":4},"end":{"line":28,"column":19}},"10":{"start":{"line":25,"column":8},"end":{"line":25,"column":48}},"11":{"start":{"line":26,"column":8},"end":{"line":26,"column":23}},"12":{"start":{"line":31,"column":4},"end":{"line":31,"column":23}}},"fnMap":{"0":{"name":"(anonymous_0)","decl":{"start":{"line":5,"column":25},"end":{"line":5,"column":26}},"loc":{"start":{"line":5,"column":41},"end":{"line":9,"column":1}},"line":5},"1":{"name":"(anonymous_1)","decl":{"start":{"line":12,"column":19},"end":{"line":12,"column":20}},"loc":{"start":{"line":12,"column":39},"end":{"line":20,"column":3}},"line":12},"2":{"name":"(anonymous_2)","decl":{"start":{"line":15,"column":12},"end":{"line":15,"column":13}},"loc":{"start":{"line":15,"column":20},"end":{"line":18,"column":7}},"line":15},"3":{"name":"(anonymous_3)","decl":{"start":{"line":21,"column":18},"end":{"line":21,"column":19}},"loc":{"start":{"line":21,"column":38},"end":{"line":29,"column":3}},"line":21},"4":{"name":"(anonymous_4)","decl":{"start":{"line":24,"column":12},"end":{"line":24,"column":13}},"loc":{"start":{"line":24,"column":20},"end":{"line":27,"column":7}},"line":24},"5":{"name":"(anonymous_5)","decl":{"start":{"line":30,"column":30},"end":{"line":30,"column":31}},"loc":{"start":{"line":30,"column":44},"end":{"line":32,"column":3}},"line":30}},"branchMap":{},"s":{"0":2,"1":2,"2":2,"3":2,"4":1,"5":2,"6":1,"7":1,"8":1,"9":2,"10":0,"11":0,"12":0},"f":{"0":1,"1":1,"2":1,"3":2,"4":0,"5":0},"b":{},"_coverageSchema":"43e27e138ebf9cfc5966b082cf9a028302ed4184","hash":"7f0f44e415183ecb964d498ce3aace472585098e"}
,"/Users/home/alchemy/career/fractal-lab/lib/routes/fractals.js": {"path":"/Users/home/alchemy/career/fractal-lab/lib/routes/fractals.js","statementMap":{"0":{"start":{"line":1,"column":19},"end":{"line":1,"column":37}},"1":{"start":{"line":2,"column":16},"end":{"line":2,"column":44}},"2":{"start":{"line":5,"column":0},"end":{"line":35,"column":5}},"3":{"start":{"line":7,"column":4},"end":{"line":9,"column":42}},"4":{"start":{"line":9,"column":23},"end":{"line":9,"column":40}},"5":{"start":{"line":13,"column":4},"end":{"line":15,"column":44}},"6":{"start":{"line":15,"column":24},"end":{"line":15,"column":42}},"7":{"start":{"line":19,"column":4},"end":{"line":22,"column":42}},"8":{"start":{"line":22,"column":23},"end":{"line":22,"column":40}},"9":{"start":{"line":26,"column":4},"end":{"line":28,"column":42}},"10":{"start":{"line":28,"column":23},"end":{"line":28,"column":40}},"11":{"start":{"line":32,"column":4},"end":{"line":34,"column":42}},"12":{"start":{"line":34,"column":23},"end":{"line":34,"column":40}}},"fnMap":{"0":{"name":"(anonymous_0)","decl":{"start":{"line":6,"column":13},"end":{"line":6,"column":14}},"loc":{"start":{"line":6,"column":27},"end":{"line":10,"column":3}},"line":6},"1":{"name":"(anonymous_1)","decl":{"start":{"line":9,"column":12},"end":{"line":9,"column":13}},"loc":{"start":{"line":9,"column":23},"end":{"line":9,"column":40}},"line":9},"2":{"name":"(anonymous_2)","decl":{"start":{"line":12,"column":12},"end":{"line":12,"column":13}},"loc":{"start":{"line":12,"column":26},"end":{"line":16,"column":3}},"line":12},"3":{"name":"(anonymous_3)","decl":{"start":{"line":15,"column":12},"end":{"line":15,"column":13}},"loc":{"start":{"line":15,"column":24},"end":{"line":15,"column":42}},"line":15},"4":{"name":"(anonymous_4)","decl":{"start":{"line":18,"column":15},"end":{"line":18,"column":16}},"loc":{"start":{"line":18,"column":29},"end":{"line":23,"column":3}},"line":18},"5":{"name":"(anonymous_5)","decl":{"start":{"line":22,"column":12},"end":{"line":22,"column":13}},"loc":{"start":{"line":22,"column":23},"end":{"line":22,"column":40}},"line":22},"6":{"name":"(anonymous_6)","decl":{"start":{"line":25,"column":17},"end":{"line":25,"column":18}},"loc":{"start":{"line":25,"column":31},"end":{"line":29,"column":3}},"line":25},"7":{"name":"(anonymous_7)","decl":{"start":{"line":28,"column":12},"end":{"line":28,"column":13}},"loc":{"start":{"line":28,"column":23},"end":{"line":28,"column":40}},"line":28},"8":{"name":"(anonymous_8)","decl":{"start":{"line":31,"column":18},"end":{"line":31,"column":19}},"loc":{"start":{"line":31,"column":32},"end":{"line":35,"column":3}},"line":31},"9":{"name":"(anonymous_9)","decl":{"start":{"line":34,"column":12},"end":{"line":34,"column":13}},"loc":{"start":{"line":34,"column":23},"end":{"line":34,"column":40}},"line":34}},"branchMap":{},"s":{"0":2,"1":2,"2":2,"3":1,"4":1,"5":1,"6":1,"7":1,"8":1,"9":1,"10":1,"11":1,"12":1},"f":{"0":1,"1":1,"2":1,"3":1,"4":1,"5":1,"6":1,"7":1,"8":1,"9":1},"b":{},"_coverageSchema":"43e27e138ebf9cfc5966b082cf9a028302ed4184","hash":"4ec087a53d477465bdf7461f22e5b116c85844bc"}
,"/Users/home/alchemy/career/fractal-lab/lib/utils/connect.js": {"path":"/Users/home/alchemy/career/fractal-lab/lib/utils/connect.js","statementMap":{"0":{"start":{"line":1,"column":17},"end":{"line":1,"column":36}},"1":{"start":{"line":2,"column":18},"end":{"line":2,"column":32}},"2":{"start":{"line":4,"column":0},"end":{"line":25,"column":2}},"3":{"start":{"line":5,"column":2},"end":{"line":10,"column":5}},"4":{"start":{"line":12,"column":2},"end":{"line":16,"column":5}},"5":{"start":{"line":13,"column":22},"end":{"line":13,"column":32}},"6":{"start":{"line":14,"column":24},"end":{"line":14,"column":109}},"7":{"start":{"line":15,"column":4},"end":{"line":15,"column":58}},"8":{"start":{"line":18,"column":2},"end":{"line":20,"column":5}},"9":{"start":{"line":19,"column":4},"end":{"line":19,"column":45}},"10":{"start":{"line":22,"column":2},"end":{"line":24,"column":5}},"11":{"start":{"line":23,"column":4},"end":{"line":23,"column":47}}},"fnMap":{"0":{"name":"(anonymous_0)","decl":{"start":{"line":4,"column":17},"end":{"line":4,"column":18}},"loc":{"start":{"line":4,"column":52},"end":{"line":25,"column":1}},"line":4},"1":{"name":"(anonymous_1)","decl":{"start":{"line":12,"column":38},"end":{"line":12,"column":39}},"loc":{"start":{"line":12,"column":44},"end":{"line":16,"column":3}},"line":12},"2":{"name":"(anonymous_2)","decl":{"start":{"line":18,"column":41},"end":{"line":18,"column":42}},"loc":{"start":{"line":18,"column":47},"end":{"line":20,"column":3}},"line":18},"3":{"name":"(anonymous_3)","decl":{"start":{"line":22,"column":34},"end":{"line":22,"column":35}},"loc":{"start":{"line":22,"column":40},"end":{"line":24,"column":3}},"line":22}},"branchMap":{"0":{"loc":{"start":{"line":4,"column":18},"end":{"line":4,"column":47}},"type":"default-arg","locations":[{"start":{"line":4,"column":24},"end":{"line":4,"column":47}}],"line":4}},"s":{"0":2,"1":2,"2":2,"3":2,"4":2,"5":2,"6":2,"7":2,"8":2,"9":2,"10":2,"11":0},"f":{"0":2,"1":2,"2":2,"3":0},"b":{"0":[2]},"_coverageSchema":"43e27e138ebf9cfc5966b082cf9a028302ed4184","hash":"9e0ec1258cb8172ad674245083a101eed25e0f1e"}
}
